#
# A fatal error has been detected by the Java Runtime Environment:
#
#  EXCEPTION_STACK_OVERFLOW (0xc00000fd) at pc=0x6400b9a3, pid=9356, tid=0x00002fa0
#
# JRE version: Java(TM) SE Runtime Environment (8.0_191-b12) (build 1.8.0_191-b12)
# Java VM: Java HotSpot(TM) Client VM (25.191-b12 mixed mode windows-x86 )
# Problematic frame:
# C  [jSSC-2.8_x86.dll+0xb9a3]
#
# Failed to write core dump. Minidumps are not enabled by default on client versions of Windows
#
# If you would like to submit a bug report, please visit:
#   http://bugreport.java.com/bugreport/crash.jsp
# The crash happened outside the Java Virtual Machine in native code.
# See problematic frame for where to report the bug.
#

---------------  T H R E A D  ---------------

Current thread (0x29787400):  JavaThread "EventThread COM5" [_thread_in_native, id=12192, stack(0x29030000,0x29080000)]

siginfo: ExceptionCode=0xc00000fd, ExceptionInformation=0x00000001 0x29030260 

Registers:
EAX=0x00016600, EBX=0x27dae010, ECX=0x29030260, EDX=0x00000000
ESP=0x2907f254, EBP=0x2907f2b8, ESI=0x29787540, EDI=0x27dae024
EIP=0x6400b9a3, EFLAGS=0x00010206

Top of Stack: (sp=0x2907f254)
0x2907f254:   00064600 00000000 64001739 00000014
0x2907f264:   296e0920 00000001 00000000 00000000
0x2907f274:   00000001 000645f4 00000001 00000000
0x2907f284:   099a7040 00000b18 296e0920 0000001c
0x2907f294:   0000001c 00000000 00000000 0a0d3e3e
0x2907f2a4:   41443c3c 30314154 00000000 0a273608
0x2907f2b4:   29787400 2907f2e8 03491b25 29787540
0x2907f2c4:   2907f2d4 00000b18 00000000 000645f4 

Instructions: (pc=0x6400b9a3)
0x6400b983:   fd ff ff eb 91 90 90 90 90 90 90 90 90 51 50 3d
0x6400b993:   00 10 00 00 8d 4c 24 0c 72 15 81 e9 00 10 00 00
0x6400b9a3:   83 09 00 2d 00 10 00 00 3d 00 10 00 00 77 eb 29
0x6400b9b3:   c1 83 09 00 58 59 c3 90 90 8b 44 24 04 c7 00 ff 


Register to memory mapping:

EAX=0x00016600 is an unknown value
EBX=0x27dae010 is an unknown value
ECX=0x29030260 is pointing into the stack for thread: 0x29787400
EDX=0x00000000 is an unknown value
ESP=0x2907f254 is pointing into the stack for thread: 0x29787400
EBP=0x2907f2b8 is pointing into the stack for thread: 0x29787400
ESI=0x29787540 is an unknown value
EDI=0x27dae024 is an unknown value


Stack: [0x29030000,0x29080000],  sp=0x2907f254,  free space=316k
Native frames: (J=compiled Java code, j=interpreted, Vv=VM code, C=native code)
C  [jSSC-2.8_x86.dll+0xb9a3]
J 4614  jssc.SerialNativeInterface.readBytes(JI)[B (0 bytes) @ 0x03491b25 [0x03491a90+0x95]
J 2843% C1 jssc.SerialPort$EventThread.run()V (84 bytes) @ 0x034aa7c4 [0x034aa520+0x2a4]
v  ~StubRoutines::call_stub
V  [jvm.dll+0x15c315]
V  [jvm.dll+0x223ece]
V  [jvm.dll+0x15c3ae]
V  [jvm.dll+0x15c536]
V  [jvm.dll+0x15c5a7]
V  [jvm.dll+0x1002ef]
V  [jvm.dll+0x17f550]
V  [jvm.dll+0x17fdca]
V  [jvm.dll+0x1c57a6]
C  [msvcr100.dll+0x5c556]
C  [msvcr100.dll+0x5c600]
C  [KERNEL32.DLL+0x1fa29]
C  [ntdll.dll+0x67a9e]
C  [ntdll.dll+0x67a6e]
C  0x00000000

Java frames: (J=compiled Java code, j=interpreted, Vv=VM code)
J 4614  jssc.SerialNativeInterface.readBytes(JI)[B (0 bytes) @ 0x03491ae1 [0x03491a90+0x51]
J 2843% C1 jssc.SerialPort$EventThread.run()V (84 bytes) @ 0x034aa7c4 [0x034aa520+0x2a4]
v  ~StubRoutines::call_stub

---------------  P R O C E S S  ---------------

Java Threads: ( => current thread )
=>0x29787400 JavaThread "EventThread COM5" [_thread_in_native, id=12192, stack(0x29030000,0x29080000)]
  0x2978d800 JavaThread "DestroyJavaVM" [_thread_blocked, id=14460, stack(0x02ed0000,0x02f20000)]
  0x2863c000 JavaThread "TimerQueue" daemon [_thread_blocked, id=15076, stack(0x2b3f0000,0x2b440000)]
  0x2863dc00 JavaThread "AWT-EventQueue-0" [_thread_blocked, id=12236, stack(0x2a6d0000,0x2a720000)]
  0x2863d800 JavaThread "AWT-Shutdown" [_thread_blocked, id=12088, stack(0x2a640000,0x2a690000)]
  0x2863cc00 JavaThread "Batik CleanerThread" daemon [_thread_blocked, id=16240, stack(0x29250000,0x292a0000)]
  0x283d7400 JavaThread "Multihomed mDNS.Timer" daemon [_thread_in_native, id=17392, stack(0x271e0000,0x27230000)]
  0x26bfac00 JavaThread "cc.arduino.packages.discoverers.serial.SerialDiscovery" [_thread_blocked, id=13952, stack(0x27880000,0x278d0000)]
  0x26d84800 JavaThread "AWT-Windows" daemon [_thread_in_native, id=2948, stack(0x27270000,0x272c0000)]
  0x26d83400 JavaThread "Java2D Disposer" daemon [_thread_blocked, id=10216, stack(0x27150000,0x271a0000)]
  0x2657dc00 JavaThread "Service Thread" daemon [_thread_blocked, id=16768, stack(0x269f0000,0x26a40000)]
  0x26575c00 JavaThread "C1 CompilerThread0" daemon [_thread_blocked, id=16656, stack(0x26960000,0x269b0000)]
  0x26574800 JavaThread "Attach Listener" daemon [_thread_blocked, id=17264, stack(0x268d0000,0x26920000)]
  0x26570000 JavaThread "Signal Dispatcher" daemon [_thread_blocked, id=4960, stack(0x26840000,0x26890000)]
  0x2655e000 JavaThread "Finalizer" daemon [_thread_blocked, id=15900, stack(0x25940000,0x25990000)]
  0x26558000 JavaThread "Reference Handler" daemon [_thread_blocked, id=16872, stack(0x258b0000,0x25900000)]

Other Threads:
  0x26541c00 VMThread [stack: 0x25820000,0x25870000] [id=3428]
  0x26580800 WatcherThread [stack: 0x26a80000,0x26ad0000] [id=11828]

VM state:not at safepoint (normal execution)

VM Mutex/Monitor currently owned by a thread: None

Heap:
 def new generation   total 82368K, used 10463K [0x05200000, 0x0ab60000, 0x0fca0000)
  eden space 73216K,   1% used [0x05200000, 0x05347e80, 0x09980000)
  from space 9152K, 100% used [0x0a270000, 0x0ab60000, 0x0ab60000)
  to   space 9152K,   0% used [0x09980000, 0x09980000, 0x0a270000)
 tenured generation   total 182960K, used 169418K [0x0fca0000, 0x1af4c000, 0x25200000)
   the space 182960K,  92% used [0x0fca0000, 0x1a212a80, 0x1a212c00, 0x1af4c000)
 Metaspace       used 25586K, capacity 26122K, committed 26240K, reserved 27008K

Card table byte_map: [0x25200000,0x25310000] byte_map_base: 0x251d7000

Polling page: 0x014c0000

CodeCache: size=32768Kb used=2244Kb max_used=5131Kb free=30523Kb
 bounds [0x03000000, 0x03508000, 0x05000000]
 total_blobs=1354 nmethods=1056 adapters=226
 compilation: enabled

Compilation events (10 events):
Event: 18317.899 Thread 0x26575c00 10008             java.util.concurrent.locks.ReentrantLock$Sync::nonfairTryAcquire (67 bytes)
Event: 18317.899 Thread 0x26575c00 nmethod 10008 0x034da3c8 code [0x034da4d0, 0x034da64c]
Event: 18317.901 Thread 0x26575c00 10009             javax.swing.RepaintManager::isDoubleBufferingEnabled (5 bytes)
Event: 18317.901 Thread 0x26575c00 nmethod 10009 0x031f4548 code [0x031f4640, 0x031f46c0]
Event: 18317.949 Thread 0x26575c00 10010   !         sun.awt.image.SurfaceManager::getManager (47 bytes)
Event: 18317.949 Thread 0x26575c00 nmethod 10010 0x03149248 code [0x03149380, 0x03149580]
Event: 18318.087 Thread 0x26575c00 10011  s          sun.java2d.loops.RenderCache::get (100 bytes)
Event: 18318.087 Thread 0x26575c00 nmethod 10011 0x030d3008 code [0x030d3130, 0x030d350c]
Event: 18318.181 Thread 0x26575c00 10012             java.util.Arrays::copyOfRange (63 bytes)
Event: 18318.182 Thread 0x26575c00 nmethod 10012 0x0310c9c8 code [0x0310cb20, 0x0310ceb8]

GC Heap History (10 events):
Event: 13410.390 GC heap before
{Heap before GC invocations=27 (full 3):
 def new generation   total 82368K, used 74637K [0x05200000, 0x0ab60000, 0x0fca0000)
  eden space 73216K, 100% used [0x05200000, 0x09980000, 0x09980000)
  from space 9152K,  15% used [0x09980000, 0x09ae3768, 0x0a270000)
  to   space 9152K,   0% used [0x0a270000, 0x0a270000, 0x0ab60000)
 tenured generation   total 182960K, used 163871K [0x0fca0000, 0x1af4c000, 0x25200000)
   the space 182960K,  89% used [0x0fca0000, 0x19ca7ce8, 0x19ca7e00, 0x1af4c000)
 Metaspace       used 25421K, capacity 25957K, committed 25984K, reserved 25984K
Event: 13410.438 GC heap after
Heap after GC invocations=28 (full 3):
 def new generation   total 82368K, used 1116K [0x05200000, 0x0ab60000, 0x0fca0000)
  eden space 73216K,   0% used [0x05200000, 0x05200000, 0x09980000)
  from space 9152K,  12% used [0x0a270000, 0x0a387130, 0x0ab60000)
  to   space 9152K,   0% used [0x09980000, 0x09980000, 0x0a270000)
 tenured generation   total 182960K, used 163871K [0x0fca0000, 0x1af4c000, 0x25200000)
   the space 182960K,  89% used [0x0fca0000, 0x19ca7ce8, 0x19ca7e00, 0x1af4c000)
 Metaspace       used 25421K, capacity 25957K, committed 25984K, reserved 25984K
}
Event: 13866.129 GC heap before
{Heap before GC invocations=28 (full 3):
 def new generation   total 82368K, used 74332K [0x05200000, 0x0ab60000, 0x0fca0000)
  eden space 73216K, 100% used [0x05200000, 0x09980000, 0x09980000)
  from space 9152K,  12% used [0x0a270000, 0x0a387130, 0x0ab60000)
  to   space 9152K,   0% used [0x09980000, 0x09980000, 0x0a270000)
 tenured generation   total 182960K, used 163871K [0x0fca0000, 0x1af4c000, 0x25200000)
   the space 182960K,  89% used [0x0fca0000, 0x19ca7ce8, 0x19ca7e00, 0x1af4c000)
 Metaspace       used 25563K, capacity 26122K, committed 26240K, reserved 27008K
Event: 13866.209 GC heap after
Heap after GC invocations=29 (full 3):
 def new generation   total 82368K, used 3444K [0x05200000, 0x0ab60000, 0x0fca0000)
  eden space 73216K,   0% used [0x05200000, 0x05200000, 0x09980000)
  from space 9152K,  37% used [0x09980000, 0x09cdd280, 0x0a270000)
  to   space 9152K,   0% used [0x0a270000, 0x0a270000, 0x0ab60000)
 tenured generation   total 182960K, used 163871K [0x0fca0000, 0x1af4c000, 0x25200000)
   the space 182960K,  89% used [0x0fca0000, 0x19ca7ce8, 0x19ca7e00, 0x1af4c000)
 Metaspace       used 25563K, capacity 26122K, committed 26240K, reserved 27008K
}
Event: 14367.392 GC heap before
{Heap before GC invocations=29 (full 3):
 def new generation   total 82368K, used 76660K [0x05200000, 0x0ab60000, 0x0fca0000)
  eden space 73216K, 100% used [0x05200000, 0x09980000, 0x09980000)
  from space 9152K,  37% used [0x09980000, 0x09cdd280, 0x0a270000)
  to   space 9152K,   0% used [0x0a270000, 0x0a270000, 0x0ab60000)
 tenured generation   total 182960K, used 163871K [0x0fca0000, 0x1af4c000, 0x25200000)
   the space 182960K,  89% used [0x0fca0000, 0x19ca7ce8, 0x19ca7e00, 0x1af4c000)
 Metaspace       used 25574K, capacity 26122K, committed 26240K, reserved 27008K
Event: 14367.399 GC heap after
Heap after GC invocations=30 (full 3):
 def new generation   total 82368K, used 3228K [0x05200000, 0x0ab60000, 0x0fca0000)
  eden space 73216K,   0% used [0x05200000, 0x05200000, 0x09980000)
  from space 9152K,  35% used [0x0a270000, 0x0a5971e0, 0x0ab60000)
  to   space 9152K,   0% used [0x09980000, 0x09980000, 0x0a270000)
 tenured generation   total 182960K, used 163871K [0x0fca0000, 0x1af4c000, 0x25200000)
   the space 182960K,  89% used [0x0fca0000, 0x19ca7ce8, 0x19ca7e00, 0x1af4c000)
 Metaspace       used 25574K, capacity 26122K, committed 26240K, reserved 27008K
}
Event: 16935.048 GC heap before
{Heap before GC invocations=30 (full 3):
 def new generation   total 82368K, used 76444K [0x05200000, 0x0ab60000, 0x0fca0000)
  eden space 73216K, 100% used [0x05200000, 0x09980000, 0x09980000)
  from space 9152K,  35% used [0x0a270000, 0x0a5971e0, 0x0ab60000)
  to   space 9152K,   0% used [0x09980000, 0x09980000, 0x0a270000)
 tenured generation   total 182960K, used 163871K [0x0fca0000, 0x1af4c000, 0x25200000)
   the space 182960K,  89% used [0x0fca0000, 0x19ca7ce8, 0x19ca7e00, 0x1af4c000)
 Metaspace       used 25577K, capacity 26122K, committed 26240K, reserved 27008K
Event: 16935.052 GC heap after
Heap after GC invocations=31 (full 3):
 def new generation   total 82368K, used 3181K [0x05200000, 0x0ab60000, 0x0fca0000)
  eden space 73216K,   0% used [0x05200000, 0x05200000, 0x09980000)
  from space 9152K,  34% used [0x09980000, 0x09c9b7c8, 0x0a270000)
  to   space 9152K,   0% used [0x0a270000, 0x0a270000, 0x0ab60000)
 tenured generation   total 182960K, used 163871K [0x0fca0000, 0x1af4c000, 0x25200000)
   the space 182960K,  89% used [0x0fca0000, 0x19ca7ce8, 0x19ca7e00, 0x1af4c000)
 Metaspace       used 25577K, capacity 26122K, committed 26240K, reserved 27008K
}
Event: 18318.227 GC heap before
{Heap before GC invocations=31 (full 3):
 def new generation   total 82368K, used 76397K [0x05200000, 0x0ab60000, 0x0fca0000)
  eden space 73216K, 100% used [0x05200000, 0x09980000, 0x09980000)
  from space 9152K,  34% used [0x09980000, 0x09c9b7c8, 0x0a270000)
  to   space 9152K,   0% used [0x0a270000, 0x0a270000, 0x0ab60000)
 tenured generation   total 182960K, used 163871K [0x0fca0000, 0x1af4c000, 0x25200000)
   the space 182960K,  89% used [0x0fca0000, 0x19ca7ce8, 0x19ca7e00, 0x1af4c000)
 Metaspace       used 25586K, capacity 26122K, committed 26240K, reserved 27008K
Event: 18319.285 GC heap after
Heap after GC invocations=32 (full 3):
 def new generation   total 82368K, used 9152K [0x05200000, 0x0ab60000, 0x0fca0000)
  eden space 73216K,   0% used [0x05200000, 0x05200000, 0x09980000)
  from space 9152K, 100% used [0x0a270000, 0x0ab60000, 0x0ab60000)
  to   space 9152K,   0% used [0x09980000, 0x09980000, 0x0a270000)
 tenured generation   total 182960K, used 169418K [0x0fca0000, 0x1af4c000, 0x25200000)
   the space 182960K,  92% used [0x0fca0000, 0x1a212a80, 0x1a212c00, 0x1af4c000)
 Metaspace       used 25586K, capacity 26122K, committed 26240K, reserved 27008K
}

Deoptimization events (0 events):
No events

Classes redefined (0 events):
No events

Internal exceptions (10 events):
Event: 13583.336 Thread 0x29786c00 Exception <a 'sun/nio/fs/WindowsException'> (0x075d27b0) thrown at [C:\workspace\8-2-build-windows-i586-cygwin\jdk8u191\11896\hotspot\src\share\vm\prims\jni.cpp, line 709]
Event: 13583.336 Thread 0x29786c00 Exception <a 'sun/nio/fs/WindowsException'> (0x075d2de0) thrown at [C:\workspace\8-2-build-windows-i586-cygwin\jdk8u191\11896\hotspot\src\share\vm\prims\jni.cpp, line 709]
Event: 13583.337 Thread 0x29786c00 Exception <a 'sun/nio/fs/WindowsException'> (0x075e1930) thrown at [C:\workspace\8-2-build-windows-i586-cygwin\jdk8u191\11896\hotspot\src\share\vm\prims\jni.cpp, line 709]
Event: 13583.337 Thread 0x29786c00 Exception <a 'sun/nio/fs/WindowsException'> (0x075e1f60) thrown at [C:\workspace\8-2-build-windows-i586-cygwin\jdk8u191\11896\hotspot\src\share\vm\prims\jni.cpp, line 709]
Event: 13583.339 Thread 0x29786c00 Exception <a 'sun/nio/fs/WindowsException'> (0x075fb998) thrown at [C:\workspace\8-2-build-windows-i586-cygwin\jdk8u191\11896\hotspot\src\share\vm\prims\jni.cpp, line 709]
Event: 13583.339 Thread 0x29786c00 Exception <a 'sun/nio/fs/WindowsException'> (0x075fbff0) thrown at [C:\workspace\8-2-build-windows-i586-cygwin\jdk8u191\11896\hotspot\src\share\vm\prims\jni.cpp, line 709]
Event: 18312.198 Thread 0x283d7400 Exception <a 'java/io/IOException'> (0x07c27298) thrown at [C:\workspace\8-2-build-windows-i586-cygwin\jdk8u191\11896\hotspot\src\share\vm\prims\jni.cpp, line 709]
Event: 18312.198 Thread 0x283d7400 Exception <a 'java/io/IOException'> (0x07c27510) thrown at [C:\workspace\8-2-build-windows-i586-cygwin\jdk8u191\11896\hotspot\src\share\vm\prims\jni.cpp, line 709]
Event: 18312.199 Thread 0x283d7400 Exception <a 'java/io/IOException'> (0x07c27758) thrown at [C:\workspace\8-2-build-windows-i586-cygwin\jdk8u191\11896\hotspot\src\share\vm\prims\jni.cpp, line 709]
Event: 18312.199 Thread 0x283d7400 Exception <a 'java/io/IOException'> (0x07c279a0) thrown at [C:\workspace\8-2-build-windows-i586-cygwin\jdk8u191\11896\hotspot\src\share\vm\prims\jni.cpp, line 709]

Events (10 events):
Event: 18315.792 Thread 0x26575c00 flushing nmethod 0x032b46c8
Event: 18315.799 Thread 0x26575c00 flushing nmethod 0x0335c588
Event: 18315.801 Thread 0x26575c00 flushing nmethod 0x034ea948
Event: 18316.497 Thread 0x26575c00 flushing nmethod 0x03149248
Event: 18317.349 Thread 0x26575c00 flushing nmethod 0x031caac8
Event: 18317.349 Thread 0x26575c00 flushing nmethod 0x031cad88
Event: 18317.349 Thread 0x26575c00 flushing nmethod 0x031f4548
Event: 18317.355 Thread 0x26575c00 flushing nmethod 0x033e2c48
Event: 18318.227 Executing VM operation: GenCollectForAllocation
Event: 18319.285 Executing VM operation: GenCollectForAllocation done


Dynamic libraries:
0x00d60000 - 0x00d93000 	C:\Program Files (x86)\Arduino\java\bin\javaw.exe
0x77cc0000 - 0x77e63000 	C:\WINDOWS\SYSTEM32\ntdll.dll
0x75b70000 - 0x75c60000 	C:\WINDOWS\System32\KERNEL32.DLL
0x76f40000 - 0x77154000 	C:\WINDOWS\System32\KERNELBASE.dll
0x771e0000 - 0x7725a000 	C:\WINDOWS\System32\ADVAPI32.dll
0x767d0000 - 0x7688f000 	C:\WINDOWS\System32\msvcrt.dll
0x76520000 - 0x76595000 	C:\WINDOWS\System32\sechost.dll
0x75c60000 - 0x75d20000 	C:\WINDOWS\System32\RPCRT4.dll
0x77370000 - 0x77506000 	C:\WINDOWS\System32\USER32.dll
0x766f0000 - 0x76708000 	C:\WINDOWS\System32\win32u.dll
0x77260000 - 0x77283000 	C:\WINDOWS\System32\GDI32.dll
0x75d20000 - 0x75dfc000 	C:\WINDOWS\System32\gdi32full.dll
0x77160000 - 0x771db000 	C:\WINDOWS\System32\msvcp_win.dll
0x778f0000 - 0x77a10000 	C:\WINDOWS\System32\ucrtbase.dll
0x72d80000 - 0x72f90000 	C:\WINDOWS\WinSxS\x86_microsoft.windows.common-controls_6595b64144ccf1df_6.0.19041.844_none_11adecdf30011423\COMCTL32.dll
0x77b00000 - 0x77b25000 	C:\WINDOWS\System32\IMM32.DLL
0x55320000 - 0x553df000 	C:\Program Files (x86)\Arduino\java\bin\msvcr100.dll
0x54f40000 - 0x55313000 	C:\Program Files (x86)\Arduino\java\bin\client\jvm.dll
0x76510000 - 0x76516000 	C:\WINDOWS\System32\PSAPI.DLL
0x73830000 - 0x73838000 	C:\WINDOWS\SYSTEM32\VERSION.dll
0x73000000 - 0x73008000 	C:\WINDOWS\SYSTEM32\WSOCK32.dll
0x72a80000 - 0x72aa8000 	C:\WINDOWS\SYSTEM32\WINMM.dll
0x77b30000 - 0x77b93000 	C:\WINDOWS\System32\WS2_32.dll
0x54f10000 - 0x54f40000 	C:\Program Files (x86)\Arduino\java\bin\splashscreen.dll
0x6ff20000 - 0x6ff94000 	C:\WINDOWS\system32\uxtheme.dll
0x775c0000 - 0x77841000 	C:\WINDOWS\System32\combase.dll
0x54f00000 - 0x54f0c000 	C:\Program Files (x86)\Arduino\java\bin\verify.dll
0x54ed0000 - 0x54ef2000 	C:\Program Files (x86)\Arduino\java\bin\java.dll
0x77290000 - 0x77364000 	C:\WINDOWS\System32\MSCTF.dll
0x77850000 - 0x778e6000 	C:\WINDOWS\System32\OLEAUT32.dll
0x54eb0000 - 0x54ec4000 	C:\Program Files (x86)\Arduino\java\bin\zip.dll
0x74af0000 - 0x74aff000 	C:\WINDOWS\SYSTEM32\kernel.appcore.dll
0x77a10000 - 0x77a6f000 	C:\WINDOWS\System32\bcryptPrimitives.dll
0x6a680000 - 0x6a739000 	C:\WINDOWS\SYSTEM32\textinputframework.dll
0x6b920000 - 0x6b9bb000 	C:\WINDOWS\System32\CoreMessaging.dll
0x6b6a0000 - 0x6b91e000 	C:\WINDOWS\System32\CoreUIComponents.dll
0x77510000 - 0x77597000 	C:\WINDOWS\System32\SHCORE.dll
0x73840000 - 0x73869000 	C:\WINDOWS\SYSTEM32\ntmarta.dll
0x6b9c0000 - 0x6ba9b000 	C:\WINDOWS\SYSTEM32\wintypes.dll
0x768d0000 - 0x76e83000 	C:\WINDOWS\System32\SHELL32.dll
0x744e0000 - 0x74ae9000 	C:\WINDOWS\SYSTEM32\windows.storage.dll
0x744b0000 - 0x744d4000 	C:\WINDOWS\SYSTEM32\Wldp.dll
0x75e00000 - 0x75e45000 	C:\WINDOWS\System32\shlwapi.dll
0x74490000 - 0x744a8000 	C:\WINDOWS\SYSTEM32\profapi.dll
0x61940000 - 0x619b3000 	C:\Program Files (x86)\Arduino\lib\listSerialsj.dll
0x760d0000 - 0x76505000 	C:\WINDOWS\System32\SETUPAPI.dll
0x76890000 - 0x768cb000 	C:\WINDOWS\System32\cfgmgr32.dll
0x77c10000 - 0x77c29000 	C:\WINDOWS\System32\bcrypt.dll
0x54e90000 - 0x54ead000 	C:\Program Files (x86)\Arduino\lib\jnidispatch-4.2.2-win32-x86.dll
0x765a0000 - 0x76683000 	C:\WINDOWS\System32\Ole32.dll
0x54e70000 - 0x54e85000 	C:\Program Files (x86)\Arduino\java\bin\net.dll
0x74ea0000 - 0x74ef2000 	C:\WINDOWS\system32\mswsock.dll
0x54e60000 - 0x54e6f000 	C:\Program Files (x86)\Arduino\java\bin\nio.dll
0x54d10000 - 0x54e57000 	C:\Program Files (x86)\Arduino\java\bin\awt.dll
0x73a00000 - 0x73a9f000 	C:\WINDOWS\SYSTEM32\apphelp.dll
0x65940000 - 0x65966000 	C:\WINDOWS\system32\DWMAPI.DLL
0x54cd0000 - 0x54d09000 	C:\Program Files (x86)\Arduino\java\bin\fontmanager.dll
0x54bc0000 - 0x54cc4000 	C:\WINDOWS\system32\opengl32.dll
0x54b80000 - 0x54bbf000 	C:\WINDOWS\SYSTEM32\GLU32.dll
0x54b40000 - 0x54b72000 	C:\Program Files (x86)\Arduino\java\bin\t2k.dll
0x54b30000 - 0x54b3a000 	C:\Program Files (x86)\Arduino\java\bin\management.dll
0x72d60000 - 0x72d71000 	C:\WINDOWS\system32\napinsp.dll
0x72d40000 - 0x72d56000 	C:\WINDOWS\system32\pnrpnsp.dll
0x72d30000 - 0x72d40000 	C:\WINDOWS\system32\wshbth.dll
0x72d10000 - 0x72d26000 	C:\WINDOWS\system32\NLAapi.dll
0x75390000 - 0x753c2000 	C:\WINDOWS\SYSTEM32\IPHLPAPI.DLL
0x73d20000 - 0x73db2000 	C:\WINDOWS\SYSTEM32\DNSAPI.dll
0x77c00000 - 0x77c07000 	C:\WINDOWS\System32\NSI.dll
0x72d00000 - 0x72d0e000 	C:\WINDOWS\System32\winrnr.dll
0x74d60000 - 0x74db8000 	C:\WINDOWS\System32\fwpuclnt.dll
0x72b30000 - 0x72b38000 	C:\Windows\System32\rasadhlp.dll
0x73de0000 - 0x73df4000 	C:\WINDOWS\SYSTEM32\dhcpcsvc6.DLL
0x73dc0000 - 0x73dd6000 	C:\WINDOWS\SYSTEM32\dhcpcsvc.DLL
0x73ea0000 - 0x73eb3000 	C:\WINDOWS\SYSTEM32\CRYPTSP.dll
0x73e70000 - 0x73e9f000 	C:\WINDOWS\system32\rsaenh.dll
0x74f00000 - 0x74f25000 	C:\WINDOWS\SYSTEM32\USERENV.dll
0x73e60000 - 0x73e6a000 	C:\WINDOWS\SYSTEM32\CRYPTBASE.dll
0x72fd0000 - 0x72ff4000 	C:\WINDOWS\SYSTEM32\DEVOBJ.dll
0x76e90000 - 0x76ed7000 	C:\WINDOWS\System32\WINTRUST.dll
0x75fc0000 - 0x760c1000 	C:\WINDOWS\System32\CRYPT32.dll
0x73ec0000 - 0x73ece000 	C:\WINDOWS\SYSTEM32\MSASN1.dll
0x54b10000 - 0x54b30000 	C:\Program Files (x86)\Arduino\java\bin\sunec.dll
0x54b00000 - 0x54b09000 	C:\Program Files (x86)\Arduino\java\bin\sunmscapi.dll
0x54a90000 - 0x54af9000 	C:\Program Files (x86)\Arduino\msvcp100.dll
0x549d0000 - 0x54a8e000 	C:\Program Files (x86)\Arduino\msvcr100.dll
0x291c0000 - 0x291f2000 	C:\Program Files (x86)\Arduino\lib\AStylej.dll
0x549a0000 - 0x549c4000 	C:\Program Files (x86)\Arduino\java\bin\dcpr.dll
0x6a740000 - 0x6a8b1000 	C:\WINDOWS\SYSTEM32\WindowsCodecs.dll
0x6ada0000 - 0x6add1000 	C:\WINDOWS\system32\dataexchange.dll
0x6abc0000 - 0x6ada0000 	C:\WINDOWS\system32\d3d11.dll
0x6aa50000 - 0x6abb5000 	C:\WINDOWS\system32\dcomp.dll
0x6c410000 - 0x6c4d3000 	C:\WINDOWS\system32\dxgi.dll
0x6a8c0000 - 0x6aa4f000 	C:\WINDOWS\system32\twinapi.appcore.dll
0x01420000 - 0x01428000 	C:\Program Files (x86)\Internet Download Manager\idmmkb.dll
0x64000000 - 0x6401b000 	C:\Program Files (x86)\Arduino\lib\jSSC-2.8_x86.dll
0x74b30000 - 0x74cb8000 	C:\WINDOWS\SYSTEM32\dbghelp.dll

VM Arguments:
jvm_args: -Dsun.java2d.d3d=false -Djna.nosys=true -Djna.nounpack=true -Djna.boot.library.name=jnidispatch-4.2.2-win32-x86 -Djna.boot.library.path=C:\Program Files (x86)\Arduino/lib -Djssc.library.path=C:\Program Files (x86)\Arduino/lib -DAPP_DIR=C:\Program Files (x86)\Arduino -Xms128M -Xmx512M -Dfile.encoding=UTF8 -Djava.net.preferIPv4Stack=true 
java_command: processing.app.Base E:\PROJECT\PROJECT_FLOOD_SURABAYA\CODES\Tahap II\TRANSMIT_FLOOD_SENSOR\SensorTransmitter\SensorTransmitter.ino
java_class_path (initial): C:\Program Files (x86)\Arduino\lib\apple.jar;C:\Program Files (x86)\Arduino\lib\arduino-core.jar;C:\Program Files (x86)\Arduino\lib\batik-1.8.jar;C:\Program Files (x86)\Arduino\lib\batik-anim-1.8.jar;C:\Program Files (x86)\Arduino\lib\batik-awt-util-1.8.jar;C:\Program Files (x86)\Arduino\lib\batik-bridge-1.8.jar;C:\Program Files (x86)\Arduino\lib\batik-codec-1.8.jar;C:\Program Files (x86)\Arduino\lib\batik-css-1.8.jar;C:\Program Files (x86)\Arduino\lib\batik-dom-1.8.jar;C:\Program Files (x86)\Arduino\lib\batik-ext-1.8.jar;C:\Program Files (x86)\Arduino\lib\batik-gvt-1.8.jar;C:\Program Files (x86)\Arduino\lib\batik-parser-1.8.jar;C:\Program Files (x86)\Arduino\lib\batik-rasterizer-1.8.jar;C:\Program Files (x86)\Arduino\lib\batik-script-1.8.jar;C:\Program Files (x86)\Arduino\lib\batik-squiggle-1.8.jar;C:\Program Files (x86)\Arduino\lib\batik-svg-dom-1.8.jar;C:\Program Files (x86)\Arduino\lib\batik-svgpp-1.8.jar;C:\Program Files (x86)\Arduino\lib\batik-transcoder-1.8.jar;C:\Program Files (x86)\Arduino\lib\batik-util-1.8.jar;C:\Program Files (x86)\Arduino\lib\batik-xml-1.8.jar;C:\Program Files (x86)\Arduino\lib\bcpg-jdk15on-152.jar;C:\Program Files (x86)\Arduino\lib\bcprov-jdk15on-152.jar;C:\Program Files (x86)\Arduino\lib\commons-codec-1.7.jar;C:\Program Files (x86)\Arduino\lib\commons-compress-1.8.jar;C:\Program Files (x86)\Arduino\lib\commons-exec-1.1.jar;C:\Program Files (x86)\Arduino\lib\commons-httpclient-3.1.jar;C:\Program Files (x86)\Arduino\lib\commons-lang3-3.8.1.jar;C:\Program Files (x86)\Arduino\lib\commons-logging-1.0.4.jar;C:\Program Files (x86)\Arduino\lib\commons-net-3.3.jar;C:\Program Files (x86)\Arduino\lib\commons-io-2.6.jar;C:\Program Files (x86)\Arduino\lib\jackson-annotations-2.9.5.jar;C:\Program Files (x86)\Arduino\lib\jackson-core-2.9.5.jar;C:\Program Files (x86)\Arduino\lib\jackson-databind-2.9.5.jar;C:\Program Files (x86)\Arduino\lib\java-semver-0.8.0.jar;C:\Program Files (x86)\Arduino\lib\jmdns-3.5.5.jar;C:\Program
Launcher Type: SUN_STANDARD

Environment Variables:
JAVA_HOME=C:\Program Files\Java\jdk1.8.0_202
USERNAME=fajar
OS=Windows_NT
PROCESSOR_IDENTIFIER=Intel64 Family 6 Model 142 Stepping 12, GenuineIntel



---------------  S Y S T E M  ---------------

OS: Windows 10.0 , 64 bit Build 19041 (10.0.19041.1023)

CPU:total 8 (initial active 8) (4 cores per cpu, 2 threads per core) family 6 model 142 stepping 12, cmov, cx8, fxsr, mmx, sse, sse2, sse3, ssse3, sse4.1, sse4.2, popcnt, avx, avx2, aes, clmul, erms, 3dnowpref, lzcnt, ht, tsc, tscinvbit, bmi1, bmi2, adx

Memory: 4k page, physical 8180276k(604304k free), swap 18666036k(5192616k free)

vm_info: Java HotSpot(TM) Client VM (25.191-b12) for windows-x86 JRE (1.8.0_191-b12), built on Oct  6 2018 08:34:23 by "java_re" with MS VC++ 10.0 (VS2010)

time: Fri Jun 18 13:05:06 2021
elapsed time: 18319 seconds (0d 5h 5m 19s)

